2018-03-01 04:34:54 +0000  Initial pipeline context: <IDEDistributionProcessingPipelineContext: 0x7fe653af6dd0; archive(resolved)='<IDEArchive: 0x7fe651572130>', distributionTask(resolved)='2', distributionMethod(resolved)='<IDEDistributionMethodAdHoc: 0x7fe651783430>', team(resolved)='<IDEProvisioningBasicTeam 0x7fe653a73290: teamID: ANBAP82U89, teamName: Centésimo Tecnologia da Informação Ltda - ME>'>
	Chain (11, self inclusive):
	<IDEDistributionProcessingPipelineContext: 0x7fe653af6dd0; archive = '<IDEArchive: 0x7fe651572130>', distributionMethod='<IDEDistributionMethodAdHoc: 0x7fe651783430>', team='<IDEProvisioningBasicTeam 0x7fe653a73290: teamID: ANBAP82U89, teamName: Centésimo Tecnologia da Informação Ltda - ME>'>
	<IDEDistributionProcessingPipelineContext: 0x7fe653af7040; archive = '<IDEArchive: 0x7fe651572130>', distributionMethod='<IDEDistributionMethodAdHoc: 0x7fe651783430>', team='<IDEProvisioningBasicTeam 0x7fe653a73290: teamID: ANBAP82U89, teamName: Centésimo Tecnologia da Informação Ltda - ME>'>
	<IDEDistributionContext: 0x7fe653a9f780; archive = '<IDEArchive: 0x7fe651572130>', distributionMethod='<IDEDistributionMethodAdHoc: 0x7fe651783430>', team='<IDEProvisioningBasicTeam 0x7fe653a73290: teamID: ANBAP82U89, teamName: Centésimo Tecnologia da Informação Ltda - ME>'>
	<IDEDistributionContext: 0x7fe6522e2cc0; archive = '<IDEArchive: 0x7fe651572130>', distributionMethod='<IDEDistributionMethodAdHoc: 0x7fe651783430>', team='<IDEProvisioningBasicTeam 0x7fe653a73290: teamID: ANBAP82U89, teamName: Centésimo Tecnologia da Informação Ltda - ME>'>
	<IDEDistributionContext: 0x7fe66e77e760; archive = '<IDEArchive: 0x7fe651572130>', distributionMethod='<IDEDistributionMethodAdHoc: 0x7fe651783430>', team='<IDEProvisioningBasicTeam 0x7fe653a73290: teamID: ANBAP82U89, teamName: Centésimo Tecnologia da Informação Ltda - ME>'>
	<IDEDistributionContext: 0x7fe65223f090; archive = '<IDEArchive: 0x7fe651572130>', distributionMethod='<IDEDistributionMethodAdHoc: 0x7fe651783430>', team='<IDEProvisioningBasicTeam 0x7fe653a73290: teamID: ANBAP82U89, teamName: Centésimo Tecnologia da Informação Ltda - ME>'>
	<IDEDistributionContext: 0x7fe6538ae5a0; archive = '<IDEArchive: 0x7fe651572130>', distributionMethod='<IDEDistributionMethodAdHoc: 0x7fe651783430>', team='<IDEProvisioningBasicTeam 0x7fe653a73290: teamID: ANBAP82U89, teamName: Centésimo Tecnologia da Informação Ltda - ME>'>
	<IDEDistributionContext: 0x7fe653dcd180; archive = '<IDEArchive: 0x7fe651572130>', distributionMethod='<IDEDistributionMethodAdHoc: 0x7fe651783430>', team='<IDEProvisioningBasicTeam 0x7fe653a73290: teamID: ANBAP82U89, teamName: Centésimo Tecnologia da Informação Ltda - ME>'>
	<IDEDistributionContext: 0x7fe653ac4640; archive = '<IDEArchive: 0x7fe651572130>', distributionMethod='<IDEDistributionMethodAdHoc: 0x7fe651783430>', team='<IDEProvisioningBasicTeam 0x7fe653a73290: teamID: ANBAP82U89, teamName: Centésimo Tecnologia da Informação Ltda - ME>'>
	<IDEDistributionContext: 0x7fe653a08be0; archive = '<IDEArchive: 0x7fe651572130>', distributionMethod='<IDEDistributionMethodAdHoc: 0x7fe651783430>', team='(null)'>
	<IDEDistributionContext: 0x7fe653d7b460; archive = '<IDEArchive: 0x7fe651572130>', distributionMethod='(null)', team='(null)'>
</IDEDistributionProcessingPipelineContext: 0x7fe653af6dd0>
2018-03-01 04:34:54 +0000  Processing step: IDEDistributionCreateDestRootStep
2018-03-01 04:34:54 +0000  Processing step: IDEDistributionCopyItemStep
2018-03-01 04:34:54 +0000  Running /usr/bin/ditto '-V' '/Volumes/MacHDBackup/XCODE/Archives/2018-03-01/Unity-iPhone 01-03-2018 01.27.xcarchive/Products/Applications/ISCRA.app' '/var/folders/vx/t1rvdl116sd4j4g_5y9d5zq40000gn/T/XcodeDistPipeline.n1N/Root/Payload/ISCRA.app'
2018-03-01 04:34:54 +0000  >>> Copying /Volumes/MacHDBackup/XCODE/Archives/2018-03-01/Unity-iPhone 01-03-2018 01.27.xcarchive/Products/Applications/ISCRA.app 
2018-03-01 04:34:54 +0000  copying file ./_CodeSignature/CodeResources ... 
2018-03-01 04:34:54 +0000  24871 bytes for ./_CodeSignature/CodeResources
2018-03-01 04:34:54 +0000  copying file ./AppIcon20x20@2x.png ... 
2018-03-01 04:34:54 +0000  2423 bytes for ./AppIcon20x20@2x.png
2018-03-01 04:34:54 +0000  copying file ./AppIcon20x20@2x~ipad.png ... 
2018-03-01 04:34:54 +0000  2423 bytes for ./AppIcon20x20@2x~ipad.png
copying file ./AppIcon20x20@3x.png ... 
2018-03-01 04:34:54 +0000  3725 bytes for ./AppIcon20x20@3x.png
copying file ./AppIcon20x20~ipad.png ... 
2018-03-01 04:34:54 +0000  1086 bytes for ./AppIcon20x20~ipad.png
copying file ./AppIcon29x29.png ... 
2018-03-01 04:34:54 +0000  1648 bytes for ./AppIcon29x29.png
copying file ./AppIcon29x29@2x.png ... 
2018-03-01 04:34:54 +0000  3564 bytes for ./AppIcon29x29@2x.png
2018-03-01 04:34:54 +0000  copying file ./AppIcon29x29@2x~ipad.png ... 
3564 bytes for ./AppIcon29x29@2x~ipad.png
copying file ./AppIcon29x29@3x.png ... 
6083 bytes for ./AppIcon29x29@3x.png
copying file ./AppIcon29x29~ipad.png ... 
1648 bytes for ./AppIcon29x29~ipad.png
copying file ./AppIcon40x40@2x.png ... 
2018-03-01 04:34:54 +0000  5299 bytes for ./AppIcon40x40@2x.png
2018-03-01 04:34:54 +0000  copying file ./AppIcon40x40@2x~ipad.png ... 
2018-03-01 04:34:54 +0000  5299 bytes for ./AppIcon40x40@2x~ipad.png
2018-03-01 04:34:54 +0000  copying file ./AppIcon40x40@3x.png ... 
2018-03-01 04:34:54 +0000  9548 bytes for ./AppIcon40x40@3x.png
2018-03-01 04:34:54 +0000  copying file ./AppIcon40x40~ipad.png ... 
2423 bytes for ./AppIcon40x40~ipad.png
copying file ./AppIcon57x57.png ... 
3567 bytes for ./AppIcon57x57.png
copying file ./AppIcon57x57@2x.png ... 
8788 bytes for ./AppIcon57x57@2x.png
copying file ./AppIcon60x60@2x.png ... 
2018-03-01 04:34:54 +0000  9548 bytes for ./AppIcon60x60@2x.png
2018-03-01 04:34:54 +0000  copying file ./AppIcon60x60@3x.png ... 
18345 bytes for ./AppIcon60x60@3x.png
copying file ./AppIcon72x72@2x~ipad.png ... 
12736 bytes for ./AppIcon72x72@2x~ipad.png
copying file ./AppIcon72x72~ipad.png ... 
4871 bytes for ./AppIcon72x72~ipad.png
copying file ./AppIcon76x76@2x~ipad.png ... 
2018-03-01 04:34:54 +0000  13975 bytes for ./AppIcon76x76@2x~ipad.png
2018-03-01 04:34:54 +0000  copying file ./AppIcon76x76~ipad.png ... 
2018-03-01 04:34:54 +0000  5089 bytes for ./AppIcon76x76~ipad.png
copying file ./AppIcon83.5x83.5@2x~ipad.png ... 
2018-03-01 04:34:54 +0000  16332 bytes for ./AppIcon83.5x83.5@2x~ipad.png
copying file ./archived-expanded-entitlements.xcent ... 
2018-03-01 04:34:54 +0000  376 bytes for ./archived-expanded-entitlements.xcent
copying file ./Assets.car ... 
2018-03-01 04:34:54 +0000  574648 bytes for ./Assets.car
2018-03-01 04:34:54 +0000  copying file ./Data/globalgamemanagers ... 
2018-03-01 04:34:54 +0000  40948 bytes for ./Data/globalgamemanagers
copying file ./Data/globalgamemanagers.assets ... 
2018-03-01 04:34:54 +0000  48260 bytes for ./Data/globalgamemanagers.assets
copying file ./Data/level0 ... 
2018-03-01 04:34:54 +0000  83900 bytes for ./Data/level0
2018-03-01 04:34:54 +0000  copying file ./Data/Managed/Metadata/global-metadata.dat ... 
2018-03-01 04:34:54 +0000  4106260 bytes for ./Data/Managed/Metadata/global-metadata.dat
2018-03-01 04:34:54 +0000  copying file ./Data/Managed/mono/2.0/machine.config ... 
27625 bytes for ./Data/Managed/mono/2.0/machine.config
copying file ./Data/Managed/Resources/mscorlib.dll-resources.dat ... 
2018-03-01 04:34:54 +0000  337563 bytes for ./Data/Managed/Resources/mscorlib.dll-resources.dat
copying file ./Data/Managed/Resources/System.dll-resources.dat ... 
2018-03-01 04:34:54 +0000  54703 bytes for ./Data/Managed/Resources/System.dll-resources.dat
2018-03-01 04:34:54 +0000  copying file ./Data/Managed/SymbolMap-32 ... 
2018-03-01 04:34:54 +0000  991936 bytes for ./Data/Managed/SymbolMap-32
copying file ./Data/Managed/SymbolMap-64 ... 
2018-03-01 04:34:54 +0000  812356 bytes for ./Data/Managed/SymbolMap-64
2018-03-01 04:34:54 +0000  copying file ./Data/Raw/build_info.txt ... 
2018-03-01 04:34:54 +0000  45 bytes for ./Data/Raw/build_info.txt
2018-03-01 04:34:54 +0000  copying file ./Data/Raw/EasyMovieTexture.mp4 ... 
2018-03-01 04:34:54 +0000  8933930 bytes for ./Data/Raw/EasyMovieTexture.mp4
2018-03-01 04:34:54 +0000  copying file ./Data/Raw/ed_1024_512kb.mp4 ... 
2018-03-01 04:34:55 +0000  28019866 bytes for ./Data/Raw/ed_1024_512kb.mp4
copying file ./Data/Raw/vivo.mp4 ... 
2018-03-01 04:34:55 +0000  3630900 bytes for ./Data/Raw/vivo.mp4
2018-03-01 04:34:55 +0000  copying file ./Data/Raw/Vuforia/RA100.dat ... 
2018-03-01 04:34:55 +0000  220864 bytes for ./Data/Raw/Vuforia/RA100.dat
2018-03-01 04:34:55 +0000  copying file ./Data/Raw/Vuforia/RA100.xml ... 
251 bytes for ./Data/Raw/Vuforia/RA100.xml
copying file ./Data/Resources/unity_builtin_extra ... 
2018-03-01 04:34:55 +0000  489544 bytes for ./Data/Resources/unity_builtin_extra
2018-03-01 04:34:55 +0000  copying file ./Data/resources.assets ... 
2018-03-01 04:34:55 +0000  63904 bytes for ./Data/resources.assets
copying file ./Data/resources.assets.resS ... 
2018-03-01 04:34:55 +0000  2137832 bytes for ./Data/resources.assets.resS
copying file ./Data/sharedassets0.assets ... 
2018-03-01 04:34:55 +0000  56452 bytes for ./Data/sharedassets0.assets
copying file ./Data/sharedassets0.assets.resS ... 
2018-03-01 04:34:55 +0000  36123928 bytes for ./Data/sharedassets0.assets.resS
copying file ./Data/unity default resources ... 
2018-03-01 04:34:55 +0000  1079968 bytes for ./Data/unity default resources
2018-03-01 04:34:55 +0000  copying file ./embedded.mobileprovision ... 
2018-03-01 04:34:56 +0000  13000 bytes for ./embedded.mobileprovision
copying file ./Info.plist ... 
2018-03-01 04:34:56 +0000  2750 bytes for ./Info.plist
copying file ./ISCRA ... 
2018-03-01 04:34:56 +0000  60063792 bytes for ./ISCRA
copying file ./LaunchImage-1100-Landscape-2436h@3x.png ... 
2018-03-01 04:34:56 +0000  12707 bytes for ./LaunchImage-1100-Landscape-2436h@3x.png
2018-03-01 04:34:56 +0000  copying file ./LaunchImage-1100-Portrait-2436h@3x.png ... 
14552 bytes for ./LaunchImage-1100-Portrait-2436h@3x.png
copying file ./LaunchImage-568h@2x.png ... 
2018-03-01 04:34:56 +0000  4617 bytes for ./LaunchImage-568h@2x.png
2018-03-01 04:34:56 +0000  copying file ./LaunchImage-700-568h@2x.png ... 
4617 bytes for ./LaunchImage-700-568h@2x.png
copying file ./LaunchImage-700-Landscape@2x~ipad.png ... 
2018-03-01 04:34:56 +0000  14945 bytes for ./LaunchImage-700-Landscape@2x~ipad.png
copying file ./LaunchImage-700-Landscape~ipad.png ... 
2018-03-01 04:34:56 +0000  4433 bytes for ./LaunchImage-700-Landscape~ipad.png
copying file ./LaunchImage-700-Portrait@2x~ipad.png ... 
2018-03-01 04:34:56 +0000  15517 bytes for ./LaunchImage-700-Portrait@2x~ipad.png
copying file ./LaunchImage-700-Portrait~ipad.png ... 
2018-03-01 04:34:56 +0000  4691 bytes for ./LaunchImage-700-Portrait~ipad.png
copying file ./LaunchImage-700@2x.png ... 
2018-03-01 04:34:56 +0000  3935 bytes for ./LaunchImage-700@2x.png
2018-03-01 04:34:56 +0000  copying file ./LaunchImage-800-667h@2x.png ... 
2018-03-01 04:34:56 +0000  5951 bytes for ./LaunchImage-800-667h@2x.png
copying file ./LaunchImage-800-Landscape-736h@3x.png ... 
12887 bytes for ./LaunchImage-800-Landscape-736h@3x.png
copying file ./LaunchImage-800-Portrait-736h@3x.png ... 
2018-03-01 04:34:56 +0000  14197 bytes for ./LaunchImage-800-Portrait-736h@3x.png
copying file ./LaunchImage-Landscape@2x~ipad.png ... 
2018-03-01 04:34:56 +0000  14945 bytes for ./LaunchImage-Landscape@2x~ipad.png
copying file ./LaunchImage-Landscape~ipad.png ... 
2018-03-01 04:34:56 +0000  4433 bytes for ./LaunchImage-Landscape~ipad.png
copying file ./LaunchImage-Portrait@2x~ipad.png ... 
15517 bytes for ./LaunchImage-Portrait@2x~ipad.png
copying file ./LaunchImage-Portrait~ipad.png ... 
2018-03-01 04:34:56 +0000  4691 bytes for ./LaunchImage-Portrait~ipad.png
copying file ./LaunchImage.png ... 
2018-03-01 04:34:56 +0000  1427 bytes for ./LaunchImage.png
copying file ./LaunchImage@2x.png ... 
2018-03-01 04:34:56 +0000  3935 bytes for ./LaunchImage@2x.png
copying file ./LaunchScreen-iPad.nib ... 
2018-03-01 04:34:56 +0000  1443 bytes for ./LaunchScreen-iPad.nib
copying file ./LaunchScreen-iPad.png ... 
2018-03-01 04:34:56 +0000  333450 bytes for ./LaunchScreen-iPad.png
copying file ./LaunchScreen-iPhone.nib ... 
2018-03-01 04:34:56 +0000  1453 bytes for ./LaunchScreen-iPhone.nib
copying file ./LaunchScreen-iPhoneLandscape.png ... 
2018-03-01 04:34:56 +0000  120 bytes for ./LaunchScreen-iPhoneLandscape.png
copying file ./LaunchScreen-iPhonePortrait.png ... 
2018-03-01 04:34:56 +0000  120 bytes for ./LaunchScreen-iPhonePortrait.png
copying file ./PkgInfo ... 
2018-03-01 04:34:56 +0000  8 bytes for ./PkgInfo
2018-03-01 04:34:56 +0000  copying file ./QCAR/StonesAndChips.dat ... 
2018-03-01 04:34:56 +0000  409351 bytes for ./QCAR/StonesAndChips.dat
copying file ./QCAR/StonesAndChips.xml ... 
2018-03-01 04:34:56 +0000  295 bytes for ./QCAR/StonesAndChips.xml
2018-03-01 04:34:56 +0000  copying file ./Vuforia/RA100.dat ... 
2018-03-01 04:34:56 +0000  220864 bytes for ./Vuforia/RA100.dat
copying file ./Vuforia/RA100.xml ... 
2018-03-01 04:34:56 +0000  251 bytes for ./Vuforia/RA100.xml
2018-03-01 04:34:56 +0000  
2018-03-01 04:34:56 +0000  2018-03-01 04:34:56 +0000  /usr/bin/ditto exited with 0

2018-03-01 04:34:56 +0000  
2018-03-01 04:34:56 +0000  2018-03-01 04:34:56 +0000  Processing step: IDEDistributionEmbedProfileStep

2018-03-01 04:34:56 +0000  Processing step: IDEDistributionAppThinningPlistStep
2018-03-01 04:34:56 +0000  Skipping step: IDEDistributionAppThinningPlistStep because it said so
2018-03-01 04:34:56 +0000  Processing step: IDEDistributionCompileBitcodeStep
2018-03-01 04:34:56 +0000  Skipping step: IDEDistributionCompileBitcodeStep because it said so
2018-03-01 04:34:56 +0000  Processing step: IDEDistributionCodeSlimmingStep
2018-03-01 04:34:56 +0000  Processing step: IDEDistributionCopyBCSymbolMapsStep
2018-03-01 04:34:56 +0000  Skipping step: IDEDistributionCopyBCSymbolMapsStep because it said so
2018-03-01 04:34:56 +0000  Processing step: IDEDistributionSymbolsStep
2018-03-01 04:34:56 +0000  Skipping step: IDEDistributionSymbolsStep because it said so
2018-03-01 04:34:56 +0000  Processing step: IDEDistributionAppThinningStep
2018-03-01 04:34:56 +0000  Skipping step: IDEDistributionAppThinningStep because it said so
2018-03-01 04:34:56 +0000  Processing step: IDEDistributionODRStep
2018-03-01 04:34:56 +0000  Processing step: IDEDistributionStripXattrsStep
2018-03-01 04:34:56 +0000  Running /usr/bin/xattr '-crs' '/var/folders/vx/t1rvdl116sd4j4g_5y9d5zq40000gn/T/XcodeDistPipeline.n1N/Root/Payload/ISCRA.app'
2018-03-01 04:34:58 +0000  2018-03-01 04:34:58 +0000  

2018-03-01 04:34:58 +0000  /usr/bin/xattr exited with 0
2018-03-01 04:34:58 +0000  2018-03-01 04:34:58 +0000  

2018-03-01 04:34:58 +0000  Processing step: IDEDistributionCodesignStep
2018-03-01 04:34:58 +0000  Applying entitlements delta for <IDEDistributionItem: 0x7fe653a1c350 'com.Centesimo.ISCRA' '<DVTFilePath:0x7fe6523ea3c0:'/Volumes/MacHDBackup/XCODE/Archives/2018-03-01/Unity-iPhone 01-03-2018 01.27.xcarchive/Products/Applications/ISCRA.app'>'> from <IDEiCloudEntitlementsProcessor: 0x7fe6537f93e0>: {
}
2018-03-01 04:34:58 +0000  Entitlements for <IDEDistributionItem: 0x7fe653a1c350 'com.Centesimo.ISCRA' '<DVTFilePath:0x7fe6523ea3c0:'/Volumes/MacHDBackup/XCODE/Archives/2018-03-01/Unity-iPhone 01-03-2018 01.27.xcarchive/Products/Applications/ISCRA.app'>'>: {
    "application-identifier" = "ANBAP82U89.com.Centesimo.ISCRA";
    "com.apple.developer.team-identifier" = ANBAP82U89;
    "get-task-allow" = 0;
    "keychain-access-groups" =     (
        "ANBAP82U89.com.Centesimo.ISCRA"
    );
}
2018-03-01 04:34:58 +0000  Writing entitlements for <IDEDistributionItem: 0x7fe653a1c350 'com.Centesimo.ISCRA' '<DVTFilePath:0x7fe6523ea3c0:'/Volumes/MacHDBackup/XCODE/Archives/2018-03-01/Unity-iPhone 01-03-2018 01.27.xcarchive/Products/Applications/ISCRA.app'>'> to: /var/folders/vx/t1rvdl116sd4j4g_5y9d5zq40000gn/T/XcodeDistPipeline.n1N/entitlementsd2kYmC
2018-03-01 04:34:58 +0000  Running /usr/bin/codesign '-vvv' '--force' '--sign' 'C77938D94B3DA539DB898B6DD0260251B7597171' '--preserve-metadata=identifier,flags' '--entitlements' '/var/folders/vx/t1rvdl116sd4j4g_5y9d5zq40000gn/T/XcodeDistPipeline.n1N/entitlementsd2kYmC' '/var/folders/vx/t1rvdl116sd4j4g_5y9d5zq40000gn/T/XcodeDistPipeline.n1N/Root/Payload/ISCRA.app'
2018-03-01 04:34:58 +0000  /var/folders/vx/t1rvdl116sd4j4g_5y9d5zq40000gn/T/XcodeDistPipeline.n1N/Root/Payload/ISCRA.app: replacing existing signature
2018-03-01 04:34:59 +0000  /var/folders/vx/t1rvdl116sd4j4g_5y9d5zq40000gn/T/XcodeDistPipeline.n1N/Root/Payload/ISCRA.app: signed app bundle with Mach-O universal (armv7 arm64) [com.Centesimo.ISCRA]
2018-03-01 04:34:59 +0000  2018-03-01 04:34:59 +0000  

2018-03-01 04:34:59 +0000  /usr/bin/codesign exited with 0
2018-03-01 04:34:59 +0000  2018-03-01 04:34:59 +0000  

2018-03-01 04:34:59 +0000  Processing step: IDEDistributionStreamingZipItemStep
2018-03-01 04:34:59 +0000  Skipping step: IDEDistributionStreamingZipItemStep because it said so
2018-03-01 04:34:59 +0000  Processing step: IDEDistributionCreateIPAStep
2018-03-01 04:34:59 +0000  Running /usr/bin/ditto '-V' '-c' '-k' '--norsrc' '/var/folders/vx/t1rvdl116sd4j4g_5y9d5zq40000gn/T/XcodeDistPipeline.n1N/Root' '/var/folders/vx/t1rvdl116sd4j4g_5y9d5zq40000gn/T/XcodeDistPipeline.n1N/Packages/Unity-iPhone.ipa'
2018-03-01 04:34:59 +0000  >>> Copying /var/folders/vx/t1rvdl116sd4j4g_5y9d5zq40000gn/T/XcodeDistPipeline.n1N/Root 
2018-03-01 04:34:59 +0000  copying file ./Payload/ISCRA.app/_CodeSignature/CodeResources ... 
2018-03-01 04:34:59 +0000  24871 bytes for ./Payload/ISCRA.app/_CodeSignature/CodeResources
2018-03-01 04:34:59 +0000  copying file ./Payload/ISCRA.app/LaunchImage-1100-Portrait-2436h@3x.png ... 
14552 bytes for ./Payload/ISCRA.app/LaunchImage-1100-Portrait-2436h@3x.png
copying file ./Payload/ISCRA.app/LaunchImage@2x.png ... 
3935 bytes for ./Payload/ISCRA.app/LaunchImage@2x.png
copying file ./Payload/ISCRA.app/AppIcon20x20@2x.png ... 
2018-03-01 04:34:59 +0000  2423 bytes for ./Payload/ISCRA.app/AppIcon20x20@2x.png
copying file ./Payload/ISCRA.app/AppIcon57x57.png ... 
2018-03-01 04:34:59 +0000  3567 bytes for ./Payload/ISCRA.app/AppIcon57x57.png
2018-03-01 04:34:59 +0000  copying file ./Payload/ISCRA.app/LaunchScreen-iPhonePortrait.png ... 
120 bytes for ./Payload/ISCRA.app/LaunchScreen-iPhonePortrait.png
copying file ./Payload/ISCRA.app/LaunchScreen-iPhoneLandscape.png ... 
2018-03-01 04:34:59 +0000  120 bytes for ./Payload/ISCRA.app/LaunchScreen-iPhoneLandscape.png
2018-03-01 04:34:59 +0000  copying file ./Payload/ISCRA.app/AppIcon20x20@3x.png ... 
2018-03-01 04:34:59 +0000  3725 bytes for ./Payload/ISCRA.app/AppIcon20x20@3x.png
2018-03-01 04:34:59 +0000  copying file ./Payload/ISCRA.app/AppIcon29x29.png ... 
2018-03-01 04:34:59 +0000  1648 bytes for ./Payload/ISCRA.app/AppIcon29x29.png
copying file ./Payload/ISCRA.app/LaunchScreen-iPad.nib ... 
2018-03-01 04:34:59 +0000  1443 bytes for ./Payload/ISCRA.app/LaunchScreen-iPad.nib
2018-03-01 04:34:59 +0000  copying file ./Payload/ISCRA.app/LaunchImage-568h@2x.png ... 
2018-03-01 04:34:59 +0000  4617 bytes for ./Payload/ISCRA.app/LaunchImage-568h@2x.png
copying file ./Payload/ISCRA.app/LaunchScreen-iPhone.nib ... 
2018-03-01 04:34:59 +0000  1453 bytes for ./Payload/ISCRA.app/LaunchScreen-iPhone.nib
copying file ./Payload/ISCRA.app/AppIcon60x60@2x.png ... 
2018-03-01 04:34:59 +0000  9548 bytes for ./Payload/ISCRA.app/AppIcon60x60@2x.png
copying file ./Payload/ISCRA.app/AppIcon72x72@2x~ipad.png ... 
2018-03-01 04:34:59 +0000  12736 bytes for ./Payload/ISCRA.app/AppIcon72x72@2x~ipad.png
2018-03-01 04:34:59 +0000  copying file ./Payload/ISCRA.app/AppIcon29x29@2x.png ... 
2018-03-01 04:34:59 +0000  3564 bytes for ./Payload/ISCRA.app/AppIcon29x29@2x.png
copying file ./Payload/ISCRA.app/LaunchImage-1100-Landscape-2436h@3x.png ... 
2018-03-01 04:34:59 +0000  12707 bytes for ./Payload/ISCRA.app/LaunchImage-1100-Landscape-2436h@3x.png
copying file ./Payload/ISCRA.app/LaunchImage-800-667h@2x.png ... 
2018-03-01 04:34:59 +0000  5951 bytes for ./Payload/ISCRA.app/LaunchImage-800-667h@2x.png
copying file ./Payload/ISCRA.app/LaunchImage-Portrait@2x~ipad.png ... 
2018-03-01 04:34:59 +0000  15517 bytes for ./Payload/ISCRA.app/LaunchImage-Portrait@2x~ipad.png
copying file ./Payload/ISCRA.app/AppIcon40x40@3x.png ... 
2018-03-01 04:34:59 +0000  9548 bytes for ./Payload/ISCRA.app/AppIcon40x40@3x.png
copying file ./Payload/ISCRA.app/AppIcon57x57@2x.png ... 
2018-03-01 04:34:59 +0000  8788 bytes for ./Payload/ISCRA.app/AppIcon57x57@2x.png
copying file ./Payload/ISCRA.app/AppIcon29x29~ipad.png ... 
2018-03-01 04:34:59 +0000  1648 bytes for ./Payload/ISCRA.app/AppIcon29x29~ipad.png
copying file ./Payload/ISCRA.app/AppIcon40x40@2x.png ... 
2018-03-01 04:34:59 +0000  5299 bytes for ./Payload/ISCRA.app/AppIcon40x40@2x.png
copying file ./Payload/ISCRA.app/LaunchImage-Portrait~ipad.png ... 
2018-03-01 04:34:59 +0000  4691 bytes for ./Payload/ISCRA.app/LaunchImage-Portrait~ipad.png
copying file ./Payload/ISCRA.app/AppIcon29x29@3x.png ... 
2018-03-01 04:34:59 +0000  6083 bytes for ./Payload/ISCRA.app/AppIcon29x29@3x.png
copying file ./Payload/ISCRA.app/AppIcon60x60@3x.png ... 
2018-03-01 04:34:59 +0000  18345 bytes for ./Payload/ISCRA.app/AppIcon60x60@3x.png
2018-03-01 04:34:59 +0000  copying file ./Payload/ISCRA.app/LaunchScreen-iPad.png ... 
2018-03-01 04:34:59 +0000  333450 bytes for ./Payload/ISCRA.app/LaunchScreen-iPad.png
copying file ./Payload/ISCRA.app/archived-expanded-entitlements.xcent ... 
2018-03-01 04:34:59 +0000  376 bytes for ./Payload/ISCRA.app/archived-expanded-entitlements.xcent
2018-03-01 04:34:59 +0000  copying file ./Payload/ISCRA.app/LaunchImage-Landscape~ipad.png ... 
4433 bytes for ./Payload/ISCRA.app/LaunchImage-Landscape~ipad.png
copying file ./Payload/ISCRA.app/LaunchImage-700-Portrait~ipad.png ... 
4691 bytes for ./Payload/ISCRA.app/LaunchImage-700-Portrait~ipad.png
copying file ./Payload/ISCRA.app/Assets.car ... 
2018-03-01 04:34:59 +0000  574648 bytes for ./Payload/ISCRA.app/Assets.car
copying file ./Payload/ISCRA.app/AppIcon40x40@2x~ipad.png ... 
2018-03-01 04:34:59 +0000  5299 bytes for ./Payload/ISCRA.app/AppIcon40x40@2x~ipad.png
copying file ./Payload/ISCRA.app/AppIcon76x76@2x~ipad.png ... 
2018-03-01 04:34:59 +0000  13975 bytes for ./Payload/ISCRA.app/AppIcon76x76@2x~ipad.png
copying file ./Payload/ISCRA.app/LaunchImage-800-Portrait-736h@3x.png ... 
2018-03-01 04:34:59 +0000  14197 bytes for ./Payload/ISCRA.app/LaunchImage-800-Portrait-736h@3x.png
copying file ./Payload/ISCRA.app/AppIcon72x72~ipad.png ... 
2018-03-01 04:34:59 +0000  4871 bytes for ./Payload/ISCRA.app/AppIcon72x72~ipad.png
2018-03-01 04:34:59 +0000  copying file ./Payload/ISCRA.app/QCAR/StonesAndChips.xml ... 
2018-03-01 04:34:59 +0000  295 bytes for ./Payload/ISCRA.app/QCAR/StonesAndChips.xml
copying file ./Payload/ISCRA.app/QCAR/StonesAndChips.dat ... 
2018-03-01 04:34:59 +0000  409351 bytes for ./Payload/ISCRA.app/QCAR/StonesAndChips.dat
2018-03-01 04:34:59 +0000  copying file ./Payload/ISCRA.app/LaunchImage-700@2x.png ... 
3935 bytes for ./Payload/ISCRA.app/LaunchImage-700@2x.png
copying file ./Payload/ISCRA.app/AppIcon83.5x83.5@2x~ipad.png ... 
2018-03-01 04:34:59 +0000  16332 bytes for ./Payload/ISCRA.app/AppIcon83.5x83.5@2x~ipad.png
copying file ./Payload/ISCRA.app/LaunchImage-700-568h@2x.png ... 
2018-03-01 04:34:59 +0000  4617 bytes for ./Payload/ISCRA.app/LaunchImage-700-568h@2x.png
copying file ./Payload/ISCRA.app/LaunchImage-Landscape@2x~ipad.png ... 
14945 bytes for ./Payload/ISCRA.app/LaunchImage-Landscape@2x~ipad.png
copying file ./Payload/ISCRA.app/AppIcon29x29@2x~ipad.png ... 
2018-03-01 04:34:59 +0000  3564 bytes for ./Payload/ISCRA.app/AppIcon29x29@2x~ipad.png
copying file ./Payload/ISCRA.app/LaunchImage-700-Landscape@2x~ipad.png ... 
2018-03-01 04:34:59 +0000  14945 bytes for ./Payload/ISCRA.app/LaunchImage-700-Landscape@2x~ipad.png
copying file ./Payload/ISCRA.app/AppIcon40x40~ipad.png ... 
2018-03-01 04:34:59 +0000  2423 bytes for ./Payload/ISCRA.app/AppIcon40x40~ipad.png
copying file ./Payload/ISCRA.app/AppIcon20x20~ipad.png ... 
2018-03-01 04:34:59 +0000  1086 bytes for ./Payload/ISCRA.app/AppIcon20x20~ipad.png
2018-03-01 04:34:59 +0000  copying file ./Payload/ISCRA.app/Vuforia/RA100.xml ... 
251 bytes for ./Payload/ISCRA.app/Vuforia/RA100.xml
copying file ./Payload/ISCRA.app/Vuforia/RA100.dat ... 
2018-03-01 04:34:59 +0000  220864 bytes for ./Payload/ISCRA.app/Vuforia/RA100.dat
2018-03-01 04:34:59 +0000  copying file ./Payload/ISCRA.app/LaunchImage.png ... 
1427 bytes for ./Payload/ISCRA.app/LaunchImage.png
copying file ./Payload/ISCRA.app/embedded.mobileprovision ... 
9106 bytes for ./Payload/ISCRA.app/embedded.mobileprovision
copying file ./Payload/ISCRA.app/Data/Managed/SymbolMap-32 ... 
2018-03-01 04:35:00 +0000  991936 bytes for ./Payload/ISCRA.app/Data/Managed/SymbolMap-32
2018-03-01 04:35:00 +0000  copying file ./Payload/ISCRA.app/Data/Managed/Resources/mscorlib.dll-resources.dat ... 
2018-03-01 04:35:00 +0000  337563 bytes for ./Payload/ISCRA.app/Data/Managed/Resources/mscorlib.dll-resources.dat
copying file ./Payload/ISCRA.app/Data/Managed/Resources/System.dll-resources.dat ... 
2018-03-01 04:35:00 +0000  54703 bytes for ./Payload/ISCRA.app/Data/Managed/Resources/System.dll-resources.dat
2018-03-01 04:35:00 +0000  copying file ./Payload/ISCRA.app/Data/Managed/mono/2.0/machine.config ... 
2018-03-01 04:35:00 +0000  27625 bytes for ./Payload/ISCRA.app/Data/Managed/mono/2.0/machine.config
2018-03-01 04:35:00 +0000  copying file ./Payload/ISCRA.app/Data/Managed/SymbolMap-64 ... 
2018-03-01 04:35:00 +0000  812356 bytes for ./Payload/ISCRA.app/Data/Managed/SymbolMap-64
2018-03-01 04:35:00 +0000  copying file ./Payload/ISCRA.app/Data/Managed/Metadata/global-metadata.dat ... 
2018-03-01 04:35:00 +0000  4106260 bytes for ./Payload/ISCRA.app/Data/Managed/Metadata/global-metadata.dat
2018-03-01 04:35:00 +0000  copying file ./Payload/ISCRA.app/Data/globalgamemanagers ... 
2018-03-01 04:35:00 +0000  40948 bytes for ./Payload/ISCRA.app/Data/globalgamemanagers
copying file ./Payload/ISCRA.app/Data/resources.assets ... 
2018-03-01 04:35:00 +0000  63904 bytes for ./Payload/ISCRA.app/Data/resources.assets
2018-03-01 04:35:00 +0000  copying file ./Payload/ISCRA.app/Data/Resources/unity_builtin_extra ... 
2018-03-01 04:35:00 +0000  489544 bytes for ./Payload/ISCRA.app/Data/Resources/unity_builtin_extra
2018-03-01 04:35:00 +0000  copying file ./Payload/ISCRA.app/Data/unity default resources ... 
2018-03-01 04:35:00 +0000  1079968 bytes for ./Payload/ISCRA.app/Data/unity default resources
copying file ./Payload/ISCRA.app/Data/sharedassets0.assets.resS ... 
2018-03-01 04:35:00 +0000  36123928 bytes for ./Payload/ISCRA.app/Data/sharedassets0.assets.resS
copying file ./Payload/ISCRA.app/Data/sharedassets0.assets ... 
2018-03-01 04:35:00 +0000  56452 bytes for ./Payload/ISCRA.app/Data/sharedassets0.assets
copying file ./Payload/ISCRA.app/Data/level0 ... 
2018-03-01 04:35:00 +0000  83900 bytes for ./Payload/ISCRA.app/Data/level0
copying file ./Payload/ISCRA.app/Data/resources.assets.resS ... 
2018-03-01 04:35:00 +0000  2137832 bytes for ./Payload/ISCRA.app/Data/resources.assets.resS
2018-03-01 04:35:00 +0000  copying file ./Payload/ISCRA.app/Data/Raw/build_info.txt ... 
2018-03-01 04:35:00 +0000  45 bytes for ./Payload/ISCRA.app/Data/Raw/build_info.txt
copying file ./Payload/ISCRA.app/Data/Raw/ed_1024_512kb.mp4 ... 
2018-03-01 04:35:02 +0000  28019866 bytes for ./Payload/ISCRA.app/Data/Raw/ed_1024_512kb.mp4
2018-03-01 04:35:02 +0000  copying file ./Payload/ISCRA.app/Data/Raw/vivo.mp4 ... 
2018-03-01 04:35:02 +0000  3630900 bytes for ./Payload/ISCRA.app/Data/Raw/vivo.mp4
2018-03-01 04:35:02 +0000  copying file ./Payload/ISCRA.app/Data/Raw/EasyMovieTexture.mp4 ... 
2018-03-01 04:35:02 +0000  8933930 bytes for ./Payload/ISCRA.app/Data/Raw/EasyMovieTexture.mp4
2018-03-01 04:35:02 +0000  copying file ./Payload/ISCRA.app/Data/Raw/Vuforia/RA100.xml ... 
2018-03-01 04:35:02 +0000  251 bytes for ./Payload/ISCRA.app/Data/Raw/Vuforia/RA100.xml
copying file ./Payload/ISCRA.app/Data/Raw/Vuforia/RA100.dat ... 
2018-03-01 04:35:02 +0000  220864 bytes for ./Payload/ISCRA.app/Data/Raw/Vuforia/RA100.dat
2018-03-01 04:35:02 +0000  copying file ./Payload/ISCRA.app/Data/globalgamemanagers.assets ... 
2018-03-01 04:35:02 +0000  48260 bytes for ./Payload/ISCRA.app/Data/globalgamemanagers.assets
2018-03-01 04:35:02 +0000  copying file ./Payload/ISCRA.app/LaunchImage-800-Landscape-736h@3x.png ... 
2018-03-01 04:35:02 +0000  12887 bytes for ./Payload/ISCRA.app/LaunchImage-800-Landscape-736h@3x.png
copying file ./Payload/ISCRA.app/LaunchImage-700-Portrait@2x~ipad.png ... 
2018-03-01 04:35:02 +0000  15517 bytes for ./Payload/ISCRA.app/LaunchImage-700-Portrait@2x~ipad.png
copying file ./Payload/ISCRA.app/LaunchImage-700-Landscape~ipad.png ... 
2018-03-01 04:35:02 +0000  4433 bytes for ./Payload/ISCRA.app/LaunchImage-700-Landscape~ipad.png
copying file ./Payload/ISCRA.app/ISCRA ... 
2018-03-01 04:35:06 +0000  60063824 bytes for ./Payload/ISCRA.app/ISCRA
copying file ./Payload/ISCRA.app/AppIcon20x20@2x~ipad.png ... 
2018-03-01 04:35:06 +0000  2423 bytes for ./Payload/ISCRA.app/AppIcon20x20@2x~ipad.png
copying file ./Payload/ISCRA.app/Info.plist ... 
2018-03-01 04:35:06 +0000  2750 bytes for ./Payload/ISCRA.app/Info.plist
copying file ./Payload/ISCRA.app/PkgInfo ... 
2018-03-01 04:35:06 +0000  8 bytes for ./Payload/ISCRA.app/PkgInfo
copying file ./Payload/ISCRA.app/AppIcon76x76~ipad.png ... 
2018-03-01 04:35:06 +0000  5089 bytes for ./Payload/ISCRA.app/AppIcon76x76~ipad.png
2018-03-01 04:35:06 +0000  
2018-03-01 04:35:06 +0000  2018-03-01 04:35:06 +0000  /usr/bin/ditto exited with 0

2018-03-01 04:35:06 +0000  
2018-03-01 04:35:06 +0000  Processing step: IDEDistributionCreateManifestStep
